build/app/outputs/mapping/release/seeds.txt
com.libelium.libelium_dashboards.MainActivity
com.libelium.libelium_dashboards.MainActivity: MainActivity()
...
io.flutter.embedding.android.FlutterImageView: io.flutter.embedding.engine.renderer.FlutterRenderer getAttachedRenderer()
androidx.window.embedding.ExtensionEmbeddingBackend$Companion: boolean isExtensionVersionSupported(java.lang.Integer)
androidx.window.core.Version: androidx.window.core.Version access$getUNKNOWN$cp()
kotlin.jvm.internal.ReflectionFactory: ReflectionFactory()
org.chromium.support_lib_boundary.StaticsBoundaryInterface: void setSafeBrowsingWhitelist(java.util.List,android.webkit.ValueCallback)
androidx.window.embedding.ActivityStack: boolean equals(java.lang.Object)
androidx.window.core.Bounds: int hashCode()
androidx.core.graphics.drawable.IconCompat$Api28Impl: int getResId(java.lang.Object)
io.flutter.embedding.engine.FlutterJNI: void loadDartDeferredLibrary(int,java.lang.String[])
org.chromium.support_lib_boundary.StaticsBoundaryInterface: java.lang.String getVariationsHeader()
androidx.window.core.Version$Companion: Version$Companion(kotlin.jvm.internal.DefaultConstructorMarker)
androidx.core.app.AppOpsManagerCompat$Api23Impl: java.lang.String permissionToOp(java.lang.String)
androidx.window.embedding.ExtensionEmbeddingBackend$SplitListenerWrapper: androidx.core.util.Consumer getCallback()
kotlin.jvm.internal.CallableReference: boolean isFinal()
androidx.core.view.ViewCompat$Api21Impl: android.content.res.ColorStateList getBackgroundTintList(android.view.View)
androidx.core.view.DisplayCutoutCompat$Api28Impl: int getSafeInsetRight(android.view.DisplayCutout)
io.flutter.embedding.engine.systemchannels.PlatformChannel$SystemUiOverlay: io.flutter.embedding.engine.systemchannels.PlatformChannel$SystemUiOverlay[] values()
androidx.webkit.internal.ApiHelperForOMR1: void setSafeBrowsingWhitelist(java.util.List,android.webkit.ValueCallback)
io.flutter.embedding.android.RenderMode: io.flutter.embedding.android.RenderMode valueOf(java.lang.String)
androidx.window.embedding.ActivityStack: boolean contains(android.app.Activity)
io.flutter.embedding.engine.renderer.FlutterRenderer$ImageReaderSurfaceProducer: void releaseInternal()
androidx.window.layout.ExtensionWindowLayoutInfoBackend: ExtensionWindowLayoutInfoBackend(androidx.window.extensions.layout.WindowLayoutComponent)
kotlin.jvm.internal.FunctionReference: boolean isExternal()
org.chromium.support_lib_boundary.ServiceWorkerWebSettingsBoundaryInterface: boolean getAllowContentAccess()
androidx.window.embedding.EmbeddingInterfaceCompat$EmbeddingCallbackInterface: void onSplitInfoChanged(java.util.List)
io.flutter.embedding.engine.renderer.FlutterRenderer$ImageTextureRegistryEntry: void finalize()
androidx.window.layout.SidecarCompat$FirstAttachAdapter: SidecarCompat$FirstAttachAdapter(androidx.window.layout.SidecarCompat,android.app.Activity)
androidx.core.app.CoreComponentFactory: CoreComponentFactory()
androidx.window.embedding.ActivityFilter: android.content.ComponentName getComponentName()
androidx.window.java.layout.WindowInfoTrackerCallbackAdapter$addListener$1$1: kotlin.coroutines.Continuation create(java.lang.Object,kotlin.coroutines.Continuation)
android.support.v4.app.RemoteActionCompatParcelizer: void write(androidx.core.app.RemoteActionCompat,androidx.versionedparcelable.VersionedParcel)
androidx.window.layout.WindowMetricsCalculator$Companion$overrideDecorator$1: java.lang.Object invoke(java.lang.Object)
io.flutter.embedding.engine.renderer.FlutterRenderer$ImageReaderSurfaceProducer: void maybeWaitOnFence(android.media.Image)
androidx.window.layout.HardwareFoldingFeature$Type: HardwareFoldingFeature$Type(java.lang.String)
androidx.window.core.Bounds: java.lang.String toString()
androidx.core.view.WindowInsetsCompat$Impl: void setOverriddenInsets(androidx.core.graphics.Insets[])
androidx.window.layout.FoldingFeature$OcclusionType: FoldingFeature$OcclusionType(java.lang.String)
androidx.core.view.WindowInsetsCompat$Impl20: boolean isVisible(int)