build/app/outputs/mapping/release/mapping.txt
# compiler: R8
# compiler_version: 3.3.70
# min_api: 19
# common_typos_disable
# {"id":"com.android.tools.r8.mapping","version":"2.0"}
# pg_map_id: bf80500
# pg_map_hash: SHA-256 bf80500ecab00013288a49c41b7411153bf2d53248506aa45d776ca1894ec53c
...
io.flutter.plugins.webviewflutter.WebViewHostApiImpl$WebViewProxy -> io.flutter.plugins.webviewflutter.t3$d:
    io.flutter.plugins.webviewflutter.WebViewHostApiImpl$InputAwareWebViewPlatformView createInputAwareWebView(android.content.Context,android.view.View) -> a
    io.flutter.plugins.webviewflutter.WebViewHostApiImpl$WebViewPlatformView createWebView(android.content.Context) -> b
    void setWebContentsDebuggingEnabled(boolean) -> c
io.flutter.util.HandlerCompat -> c0.a:
    android.os.Handler createAsyncHandler(android.os.Looper) -> a
io.flutter.util.PathUtils -> c0.d:
    java.lang.String getCacheDirectory(android.content.Context) -> a
    java.lang.String getDataDirPath(android.content.Context) -> b
    java.lang.String getDataDirectory(android.content.Context) -> c
    java.lang.String getFilesDir(android.content.Context) -> d
io.flutter.util.PathUtils$$ExternalSyntheticApiModelOutline0 -> c0.b:
# {"id":"sourceFile","fileName":"R8$$SyntheticClass"}
# {"id":"com.android.tools.r8.synthesized"}
    java.io.File io.flutter.util.PathUtils$$InternalSyntheticApiModelOutline$2$7560d8338c7cfee3d9900d2dd40da8b97919d3d7613156c7f19426c9410bc36b$0.m(android.content.Context) -> a
      # {"id":"com.android.tools.r8.synthesized"}
io.flutter.util.PathUtils$$ExternalSyntheticApiModelOutline1 -> c0.c:
# {"id":"sourceFile","fileName":"R8$$SyntheticClass"}
# {"id":"com.android.tools.r8.synthesized"}
    java.io.File io.flutter.util.PathUtils$$InternalSyntheticApiModelOutline$2$c91e5e777cb21248c695a4194b0ebdf6921bd06a45d71c0191b2ba57388c3c5c$0.m(android.content.Context) -> a
      # {"id":"com.android.tools.r8.synthesized"}
io.flutter.util.Preconditions -> c0.e:
    void checkState(boolean,java.lang.Object) -> a
io.flutter.util.Predicate -> c0.f:
io.flutter.util.TraceSection -> c0.g:
    void begin(java.lang.String) -> a
    void beginAsyncSection(java.lang.String,int) -> b
    java.lang.String cropSectionName(java.lang.String) -> c
    void end() -> d
    void endAsyncSection(java.lang.String,int) -> e
    io.flutter.util.TraceSection scoped(java.lang.String) -> f
io.flutter.util.ViewUtils -> c0.j:
    boolean $r8$lambda$fCTTge_LdSPkmGXpjJUgJ-DuSuY(android.view.View) -> a
      # {"id":"com.android.tools.r8.synthesized"}
    boolean $r8$lambda$nQ7Z42JgbeML5raZjvKJIT-9yhw(java.lang.Class[],android.view.View) -> b
      # {"id":"com.android.tools.r8.synthesized"}
    void calculateMaximumDisplayMetrics(android.content.Context,io.flutter.util.ViewUtils$DisplayUpdater) -> c
    boolean childHasFocus(android.view.View) -> d
    int generateViewId(int) -> e
    android.app.Activity getActivity(android.content.Context) -> f
    boolean hasChildViewOfType(android.view.View,java.lang.Class[]) -> g
    boolean lambda$childHasFocus$0(android.view.View) -> h
    boolean lambda$hasChildViewOfType$1(java.lang.Class[],android.view.View) -> i
    boolean traverseHierarchy(android.view.View,io.flutter.util.ViewUtils$ViewVisitor) -> j
io.flutter.util.ViewUtils$$ExternalSyntheticLambda0 -> c0.h:
# {"id":"sourceFile","fileName":"R8$$SyntheticClass"}
# {"id":"com.android.tools.r8.synthesized"}
    void io.flutter.util.ViewUtils$$InternalSyntheticLambda$1$2558b30c7d8a101be24861ba93623c43e35b819105eb8e3b22ac358044105fcf$0.<init>() -> <init>
      # {"id":"com.android.tools.r8.synthesized"}
    boolean io.flutter.util.ViewUtils$$InternalSyntheticLambda$1$2558b30c7d8a101be24861ba93623c43e35b819105eb8e3b22ac358044105fcf$0.run(android.view.View) -> a
      # {"id":"com.android.tools.r8.synthesized"}