build/app/outputs/mapping/release/usage.txt
com.libelium.libelium_dashboards.BuildConfig
com.libelium.libelium_dashboards.R$attr
com.libelium.libelium_dashboards.R$color
com.libelium.libelium_dashboards.R$dimen
com.libelium.libelium_dashboards.R$drawable
com.libelium.libelium_dashboards.R$id
com.libelium.libelium_dashboards.R$integer
com.libelium.libelium_dashboards.R$layout
com.libelium.libelium_dashboards.R$mipmap
com.libelium.libelium_dashboards.R$string
com.libelium.libelium_dashboards.R$style
com.libelium.libelium_dashboards.R$styleable
com.libelium.libelium_dashboards.R$xml
com.libelium.libelium_dashboards.R
...
androidx.core.app.ServiceCompat
androidx.core.app.ShareCompat$Api16Impl
androidx.core.app.ShareCompat$IntentBuilder
androidx.core.app.ShareCompat$IntentReader
androidx.core.app.ShareCompat
androidx.core.app.SharedElementCallback$OnSharedElementsReadyListener
androidx.core.app.SharedElementCallback
androidx.core.app.TaskStackBuilder$Api16Impl
androidx.core.app.TaskStackBuilder$SupportParentable
androidx.core.app.TaskStackBuilder
androidx.core.app.unusedapprestrictions.IUnusedAppRestrictionsBackportCallback$Default
androidx.core.app.unusedapprestrictions.IUnusedAppRestrictionsBackportCallback$Stub$Proxy
androidx.core.app.unusedapprestrictions.IUnusedAppRestrictionsBackportCallback$Stub
androidx.core.app.unusedapprestrictions.IUnusedAppRestrictionsBackportCallback
androidx.core.app.unusedapprestrictions.IUnusedAppRestrictionsBackportService$Default
androidx.core.app.unusedapprestrictions.IUnusedAppRestrictionsBackportService$Stub$Proxy
androidx.core.app.unusedapprestrictions.IUnusedAppRestrictionsBackportService$Stub
androidx.core.app.unusedapprestrictions.IUnusedAppRestrictionsBackportService
androidx.core.content.ContentProviderCompat
androidx.core.content.ContentResolverCompat$Api16Impl
androidx.core.content.ContentResolverCompat
androidx.core.content.ContextCompat$Api16Impl:
    private void <init>()
androidx.core.content.ContextCompat$Api19Impl
androidx.core.content.ContextCompat$Api21Impl
androidx.core.content.ContextCompat$Api23Impl
androidx.core.content.ContextCompat$Api24Impl
androidx.core.content.ContextCompat$Api26Impl:
    private void <init>()
androidx.core.content.ContextCompat$Api28Impl:
    private void <init>()
androidx.core.content.ContextCompat$Api30Impl
androidx.core.content.ContextCompat$Api33Impl:
    private void <init>()
androidx.core.content.ContextCompat$LegacyServiceMapHolder
androidx.core.content.ContextCompat$RegisterReceiverFlags
androidx.core.content.ContextCompat:
    private static final java.lang.String DYNAMIC_RECEIVER_NOT_EXPORTED_PERMISSION_SUFFIX
    public static final int RECEIVER_EXPORTED
    public static final int RECEIVER_NOT_EXPORTED
    public static final int RECEIVER_VISIBLE_TO_INSTANT_APPS
    private static final java.lang.String TAG
    private static android.util.TypedValue sTempValue
    protected void <init>()
    public static int checkSelfPermission(android.content.Context,java.lang.String)
    public static android.content.Context createDeviceProtectedStorageContext(android.content.Context)
    private static java.io.File createFilesDir(java.io.File)
    public static java.lang.String getAttributionTag(android.content.Context)
    public static java.io.File getCodeCacheDir(android.content.Context)
    public static int getColor(android.content.Context,int)
    public static android.content.res.ColorStateList getColorStateList(android.content.Context,int)
    public static java.io.File getDataDir(android.content.Context)
    public static android.graphics.drawable.Drawable getDrawable(android.content.Context,int)
    public static java.io.File[] getExternalCacheDirs(android.content.Context)
    public static java.io.File[] getExternalFilesDirs(android.content.Context,java.lang.String)
    public static java.io.File getNoBackupFilesDir(android.content.Context)
    public static java.io.File[] getObbDirs(android.content.Context)
androidx.core.content.FileProvider$Api21Impl
androidx.core.content.FileProvider$PathStrategy
androidx.core.content.FileProvider$SimplePathStrategy
androidx.core.content.FileProvider
androidx.core.content.IntentCompat$Api15Impl
androidx.core.content.IntentCompat$Api33Impl
androidx.core.content.IntentCompat
androidx.core.content.IntentSanitizer$1
androidx.core.content.IntentSanitizer$Api15Impl
androidx.core.content.IntentSanitizer$Api16Impl$Api31Impl
androidx.core.content.IntentSanitizer$Api16Impl
androidx.core.content.IntentSanitizer$Api29Impl
androidx.core.content.IntentSanitizer$Builder
androidx.core.content.IntentSanitizer